<?xml version="1.0" encoding="UTF-8"?>
<!-- Generated by org.testng.reporters.JUnitXMLReporter -->
<testsuite hostname="DESKTOP-BN396F1" ignored="0" name="Surefire test" tests="2" failures="0" timestamp="19 Sep 2022 17:15:23 GMT" time="28.394" errors="0">
  <testcase name="runScenario" time="14.343" classname="io.cucumber.testng.AbstractTestNGCucumberTests"/>
  <testcase name="runScenario" time="11.282" classname="io.cucumber.testng.AbstractTestNGCucumberTests"/>
</testsuite> <!-- Surefire test -->
