<?xml version="1.0" encoding="UTF-8"?>
<!-- Generated by org.testng.reporters.JUnitXMLReporter -->
<testsuite hostname="DESKTOP-BN396F1" ignored="0" name="Surefire test" tests="2" failures="1" timestamp="15 Nov 2022 10:11:42 GMT" time="81.647" errors="0">
  <testcase name="runScenario" time="39.533" classname="io.cucumber.testng.AbstractTestNGCucumberTests"/>
  <testcase name="runScenario" time="35.449" classname="io.cucumber.testng.AbstractTestNGCucumberTests">
    <failure type="java.lang.AssertionError" message="Choose Your Plan Heading is not present expected [true] but found [false]">
      <![CDATA[java.lang.AssertionError: Choose Your Plan Heading is not present expected [true] but found [false]
	at pages.HomePage.verifyPlanHeading(HomePage.java:71)
	at stepDefinitions.HomepageSteps.user_verify_the_plan_heading_on_the_page(HomepageSteps.java:36)
	at ✽.User verify the plan heading on the page(file:///C:/Users/HP/Documents/GitHub/SctvSubscriptions/src/test/java/features/Homepage.feature:15)
... Removed 3 stack frames]]>
    </failure>
  </testcase> <!-- runScenario -->
</testsuite> <!-- Surefire test -->
