<?xml version="1.0" encoding="UTF-8"?>
<testng-results skipped="0" failed="2" ignored="0" total="2" passed="0">
  <reporter-output>
  </reporter-output>
  <suite name="Surefire suite" duration-ms="38140" started-at="2022-09-19T17:04:37Z" finished-at="2022-09-19T17:05:15Z">
    <groups>
      <group name="cucumber">
        <method signature="AbstractTestNGCucumberTests.runScenario(io.cucumber.testng.PickleWrapper, io.cucumber.testng.FeatureWrapper)[pri:0, instance:runner.TestRunner@72d818d1]" name="runScenario" class="io.cucumber.testng.AbstractTestNGCucumberTests"/>
      </group> <!-- cucumber -->
    </groups>
    <test name="Surefire test" duration-ms="38140" started-at="2022-09-19T17:04:37Z" finished-at="2022-09-19T17:05:15Z">
      <class name="runner.TestRunner">
        <test-method status="PASS" signature="setUpClass(org.testng.ITestContext)[pri:0, instance:runner.TestRunner@72d818d1]" name="setUpClass" is-config="true" duration-ms="1446" started-at="2022-09-19T21:04:37Z" finished-at="2022-09-19T21:04:39Z">
          <params>
            <param index="0">
              <value>
                <![CDATA[org.testng.TestRunner@1436a7ab]]>
              </value>
            </param>
          </params>
          <reporter-output>
          </reporter-output>
        </test-method> <!-- setUpClass -->
        <test-method status="FAIL" signature="runScenario(io.cucumber.testng.PickleWrapper, io.cucumber.testng.FeatureWrapper)[pri:0, instance:runner.TestRunner@72d818d1]" name="runScenario" duration-ms="20291" started-at="2022-09-19T21:04:39Z" description="Runs Cucumber Scenarios" data-provider="scenarios" finished-at="2022-09-19T21:04:59Z">
          <params>
            <param index="0">
              <value>
                <![CDATA["Verify user landed on Sctv page"]]>
              </value>
            </param>
            <param index="1">
              <value>
                <![CDATA["Optional[Verify STCTV Subscription functionality]"]]>
              </value>
            </param>
          </params>
          <exception class="java.lang.AssertionError">
            <message>
              <![CDATA[expected [https://subscribe.jawwy.tv/ae-en] but found [https://subscribe.stctv.com/sa-en]]]>
            </message>
            <full-stacktrace>
              <![CDATA[java.lang.AssertionError: expected [https://subscribe.jawwy.tv/ae-en] but found [https://subscribe.stctv.com/sa-en]
	at org.testng.Assert.fail(Assert.java:93)
	at org.testng.Assert.failNotEquals(Assert.java:512)
	at org.testng.Assert.assertEqualsImpl(Assert.java:134)
	at org.testng.Assert.assertEquals(Assert.java:115)
	at org.testng.Assert.assertEquals(Assert.java:189)
	at org.testng.Assert.assertEquals(Assert.java:199)
	at pages.HomePage.verifyUrl(HomePage.java:48)
	at stepDefinitions.HomepageSteps.verify_website_current_url(HomepageSteps.java:30)
	at ✽.Verify URL of sctv Website(file:///C:/Users/HP/Documents/GitHub/SctvSubscriptions/src/test/java/features/Homepage.feature:7)
]]>
            </full-stacktrace>
          </exception> <!-- java.lang.AssertionError -->
          <reporter-output>
          </reporter-output>
        </test-method> <!-- runScenario -->
        <test-method status="FAIL" signature="runScenario(io.cucumber.testng.PickleWrapper, io.cucumber.testng.FeatureWrapper)[pri:0, instance:runner.TestRunner@72d818d1]" name="runScenario" duration-ms="14233" started-at="2022-09-19T21:04:59Z" description="Runs Cucumber Scenarios" data-provider="scenarios" finished-at="2022-09-19T21:05:13Z">
          <params>
            <param index="0">
              <value>
                <![CDATA["Validate the subscription packages for stctv"]]>
              </value>
            </param>
            <param index="1">
              <value>
                <![CDATA["Optional[Verify STCTV Subscription functionality]"]]>
              </value>
            </param>
          </params>
          <exception class="java.lang.AssertionError">
            <message>
              <![CDATA[expected [https://subscribe.jawwy.tv/ae-en] but found [https://subscribe.stctv.com/sa-en]]]>
            </message>
            <full-stacktrace>
              <![CDATA[java.lang.AssertionError: expected [https://subscribe.jawwy.tv/ae-en] but found [https://subscribe.stctv.com/sa-en]
	at org.testng.Assert.fail(Assert.java:93)
	at org.testng.Assert.failNotEquals(Assert.java:512)
	at org.testng.Assert.assertEqualsImpl(Assert.java:134)
	at org.testng.Assert.assertEquals(Assert.java:115)
	at org.testng.Assert.assertEquals(Assert.java:189)
	at org.testng.Assert.assertEquals(Assert.java:199)
	at pages.HomePage.verifyUrl(HomePage.java:48)
	at stepDefinitions.HomepageSteps.verify_website_current_url(HomepageSteps.java:30)
	at ✽.Verify URL of sctv Website(file:///C:/Users/HP/Documents/GitHub/SctvSubscriptions/src/test/java/features/Homepage.feature:14)
]]>
            </full-stacktrace>
          </exception> <!-- java.lang.AssertionError -->
          <reporter-output>
          </reporter-output>
        </test-method> <!-- runScenario -->
        <test-method status="PASS" signature="tearDownClass()[pri:0, instance:runner.TestRunner@72d818d1]" name="tearDownClass" is-config="true" duration-ms="2100" started-at="2022-09-19T21:05:13Z" finished-at="2022-09-19T21:05:15Z">
          <reporter-output>
          </reporter-output>
        </test-method> <!-- tearDownClass -->
      </class> <!-- runner.TestRunner -->
    </test> <!-- Surefire test -->
  </suite> <!-- Surefire suite -->
</testng-results>
