-------------------------------------------------------------------------------
Test set: TestSuite
-------------------------------------------------------------------------------
Tests run: 2, Failures: 2, Errors: 0, Skipped: 0, Time elapsed: 39.405 s <<< FAILURE! - in TestSuite
runner.TestRunner.runScenario["Verify user landed on Sctv page", "Optional[Verify STCTV Subscription functionality]"](1)  Time elapsed: 20.358 s  <<< FAILURE!
java.lang.AssertionError: expected [https://subscribe.jawwy.tv/ae-en] but found [https://subscribe.stctv.com/sa-en]

runner.TestRunner.runScenario["Validate the subscription packages for stctv", "Optional[Verify STCTV Subscription functionality]"](2)  Time elapsed: 14.251 s  <<< FAILURE!
java.lang.AssertionError: expected [https://subscribe.jawwy.tv/ae-en] but found [https://subscribe.stctv.com/sa-en]

