<?xml version="1.0" encoding="UTF-8"?>
<testng-results skipped="0" failed="1" ignored="0" total="2" passed="1">
  <reporter-output>
  </reporter-output>
  <suite name="Surefire suite" duration-ms="81647" started-at="2022-11-15T10:10:20Z" finished-at="2022-11-15T10:11:41Z">
    <groups>
      <group name="cucumber">
        <method signature="AbstractTestNGCucumberTests.runScenario(io.cucumber.testng.PickleWrapper, io.cucumber.testng.FeatureWrapper)[pri:0, instance:runner.TestRunner@72d818d1]" name="runScenario" class="io.cucumber.testng.AbstractTestNGCucumberTests"/>
      </group> <!-- cucumber -->
    </groups>
    <test name="Surefire test" duration-ms="81647" started-at="2022-11-15T10:10:20Z" finished-at="2022-11-15T10:11:41Z">
      <class name="runner.TestRunner">
        <test-method status="PASS" signature="setUpClass(org.testng.ITestContext)[pri:0, instance:runner.TestRunner@72d818d1]" name="setUpClass" is-config="true" duration-ms="3359" started-at="2022-11-15T14:10:20Z" finished-at="2022-11-15T14:10:23Z">
          <params>
            <param index="0">
              <value>
                <![CDATA[org.testng.TestRunner@2a27cb34]]>
              </value>
            </param>
          </params>
          <reporter-output>
          </reporter-output>
        </test-method> <!-- setUpClass -->
        <test-method status="PASS" signature="runScenario(io.cucumber.testng.PickleWrapper, io.cucumber.testng.FeatureWrapper)[pri:0, instance:runner.TestRunner@72d818d1]" name="runScenario" duration-ms="39533" started-at="2022-11-15T14:10:23Z" description="Runs Cucumber Scenarios" data-provider="scenarios" finished-at="2022-11-15T14:11:03Z">
          <params>
            <param index="0">
              <value>
                <![CDATA["Verify user landed on Sctv page"]]>
              </value>
            </param>
            <param index="1">
              <value>
                <![CDATA["Optional[Verify STCTV Subscription functionality]"]]>
              </value>
            </param>
          </params>
          <reporter-output>
          </reporter-output>
        </test-method> <!-- runScenario -->
        <test-method status="FAIL" signature="runScenario(io.cucumber.testng.PickleWrapper, io.cucumber.testng.FeatureWrapper)[pri:0, instance:runner.TestRunner@72d818d1]" name="runScenario" duration-ms="35449" started-at="2022-11-15T14:11:03Z" description="Runs Cucumber Scenarios" data-provider="scenarios" finished-at="2022-11-15T14:11:38Z">
          <params>
            <param index="0">
              <value>
                <![CDATA["Validate the subscription packages for stctv"]]>
              </value>
            </param>
            <param index="1">
              <value>
                <![CDATA["Optional[Verify STCTV Subscription functionality]"]]>
              </value>
            </param>
          </params>
          <exception class="java.lang.AssertionError">
            <message>
              <![CDATA[Choose Your Plan Heading is not present expected [true] but found [false]]]>
            </message>
            <full-stacktrace>
              <![CDATA[java.lang.AssertionError: Choose Your Plan Heading is not present expected [true] but found [false]
	at org.testng.Assert.fail(Assert.java:93)
	at org.testng.Assert.failNotEquals(Assert.java:512)
	at org.testng.Assert.assertTrue(Assert.java:41)
	at pages.HomePage.verifyPlanHeading(HomePage.java:71)
	at stepDefinitions.HomepageSteps.user_verify_the_plan_heading_on_the_page(HomepageSteps.java:36)
	at ✽.User verify the plan heading on the page(file:///C:/Users/HP/Documents/GitHub/SctvSubscriptions/src/test/java/features/Homepage.feature:15)
]]>
            </full-stacktrace>
          </exception> <!-- java.lang.AssertionError -->
          <reporter-output>
          </reporter-output>
        </test-method> <!-- runScenario -->
        <test-method status="PASS" signature="tearDownClass()[pri:0, instance:runner.TestRunner@72d818d1]" name="tearDownClass" is-config="true" duration-ms="3151" started-at="2022-11-15T14:11:38Z" finished-at="2022-11-15T14:11:41Z">
          <reporter-output>
          </reporter-output>
        </test-method> <!-- tearDownClass -->
      </class> <!-- runner.TestRunner -->
    </test> <!-- Surefire test -->
  </suite> <!-- Surefire suite -->
</testng-results>
