<?xml version="1.0" encoding="UTF-8"?>
<testsuite xmlns:xsi="http://www.w3.org/2001/XMLSchema-instance" xsi:noNamespaceSchemaLocation="https://maven.apache.org/surefire/maven-surefire-plugin/xsd/surefire-test-report-3.0.xsd" version="3.0" name="TestSuite" time="39.405" tests="2" errors="0" skipped="0" failures="2">
  <properties>
[...]
</properties>
  <testcase name="runScenario[&quot;Verify user landed on Sctv page&quot;, &quot;Optional[Verify STCTV Subscription functionality]&quot;](1)" classname="runner.TestRunner" time="20.358">
    <failure message="expected [https://subscribe.jawwy.tv/ae-en] but found [https://subscribe.stctv.com/sa-en]" type="java.lang.AssertionError"><![CDATA[java.lang.AssertionError: expected [https://subscribe.jawwy.tv/ae-en] but found [https://subscribe.stctv.com/sa-en]
]]></failure>
    <system-out><![CDATA[
@sanity
Scenario: Verify user landed on Sctv page # src/test/java/features/Homepage.feature:4
-----------------Start of Scenario-----------------
Start the browser and Clear the cookies
09-19-2022 21:04:59 HomepageSteps.java INFO  [main] stepDefinitions.HomepageSteps 19 - Redirection done
  Given User redirects to the sctv page   # stepDefinitions.HomepageSteps.user_redirects_to_the_site()
09-19-2022 21:04:59 HomepageSteps.java INFO  [main] stepDefinitions.HomepageSteps 25 - Redirection was successful
  Then Verify the title of the sctv page  # stepDefinitions.HomepageSteps.verify_website_title()
  And Verify URL of sctv Website          # stepDefinitions.HomepageSteps.verify_website_current_url()
      java.lang.AssertionError: expected [https://subscribe.jawwy.tv/ae-en] but found [https://subscribe.stctv.com/sa-en]
	at org.testng.Assert.fail(Assert.java:93)
	at org.testng.Assert.failNotEquals(Assert.java:512)
	at org.testng.Assert.assertEqualsImpl(Assert.java:134)
	at org.testng.Assert.assertEquals(Assert.java:115)
	at org.testng.Assert.assertEquals(Assert.java:189)
	at org.testng.Assert.assertEquals(Assert.java:199)
	at pages.HomePage.verifyUrl(HomePage.java:48)
	at stepDefinitions.HomepageSteps.verify_website_current_url(HomepageSteps.java:30)
	at âœ½.Verify URL of sctv Website(file:///C:/Users/HP/Documents/GitHub/SctvSubscriptions/src/test/java/features/Homepage.feature:7)

Log out the user and close the browser
      java.lang.NullPointerException
	at stepDefinitions.Hooks.afterScenario(Hooks.java:49)

-----------------End of Scenario-----------------
]]></system-out>
    <system-err><![CDATA[Starting ChromeDriver 105.0.5195.52 (412c95e518836d8a7d97250d62b29c2ae6a26a85-refs/branch-heads/5195@{#853}) on port 20339
Only local connections are allowed.
Please see https://chromedriver.chromium.org/security-considerations for suggestions on keeping ChromeDriver safe.
ChromeDriver was started successfully.
Sep 19, 2022 9:04:49 PM org.openqa.selenium.remote.ProtocolHandshake createSession
INFO: Detected dialect: W3C
]]></system-err>
  </testcase>
  <testcase name="runScenario[&quot;Validate the subscription packages for stctv&quot;, &quot;Optional[Verify STCTV Subscription functionality]&quot;](2)" classname="runner.TestRunner" time="14.251">
    <failure message="expected [https://subscribe.jawwy.tv/ae-en] but found [https://subscribe.stctv.com/sa-en]" type="java.lang.AssertionError"><![CDATA[java.lang.AssertionError: expected [https://subscribe.jawwy.tv/ae-en] but found [https://subscribe.stctv.com/sa-en]
]]></failure>
    <system-out><![CDATA[
@sanity
Scenario: Validate the subscription packages for stctv # src/test/java/features/Homepage.feature:11
-----------------Start of Scenario-----------------
Start the browser and Clear the cookies
09-19-2022 21:05:13 HomepageSteps.java INFO  [main] stepDefinitions.HomepageSteps 19 - Redirection done
  Given User redirects to the sctv page                # stepDefinitions.HomepageSteps.user_redirects_to_the_site()
09-19-2022 21:05:13 HomepageSteps.java INFO  [main] stepDefinitions.HomepageSteps 25 - Redirection was successful
  Then Verify the title of the sctv page               # stepDefinitions.HomepageSteps.verify_website_title()
  And Verify URL of sctv Website                       # stepDefinitions.HomepageSteps.verify_website_current_url()
      java.lang.AssertionError: expected [https://subscribe.jawwy.tv/ae-en] but found [https://subscribe.stctv.com/sa-en]
	at org.testng.Assert.fail(Assert.java:93)
	at org.testng.Assert.failNotEquals(Assert.java:512)
	at org.testng.Assert.assertEqualsImpl(Assert.java:134)
	at org.testng.Assert.assertEquals(Assert.java:115)
	at org.testng.Assert.assertEquals(Assert.java:189)
	at org.testng.Assert.assertEquals(Assert.java:199)
	at pages.HomePage.verifyUrl(HomePage.java:48)
	at stepDefinitions.HomepageSteps.verify_website_current_url(HomepageSteps.java:30)
	at âœ½.Verify URL of sctv Website(file:///C:/Users/HP/Documents/GitHub/SctvSubscriptions/src/test/java/features/Homepage.feature:14)

  When User verify the plan heading on the page        # stepDefinitions.HomepageSteps.user_verify_the_plan_heading_on_the_page()
  Then User validate all the subscription packages     # stepDefinitions.HomepageSteps.user_validate_all_the_subscription_packages()
Log out the user and close the browser
      java.lang.NullPointerException
	at stepDefinitions.Hooks.afterScenario(Hooks.java:49)

-----------------End of Scenario-----------------
]]></system-out>
    <system-err><![CDATA[Starting ChromeDriver 105.0.5195.52 (412c95e518836d8a7d97250d62b29c2ae6a26a85-refs/branch-heads/5195@{#853}) on port 5170
Only local connections are allowed.
Please see https://chromedriver.chromium.org/security-considerations for suggestions on keeping ChromeDriver safe.
ChromeDriver was started successfully.
Sep 19, 2022 9:05:05 PM org.openqa.selenium.remote.ProtocolHandshake createSession
INFO: Detected dialect: W3C
]]></system-err>
  </testcase>
</testsuite>