<?xml version="1.0" encoding="UTF-8"?>
<testng-results skipped="0" failed="0" ignored="0" total="2" passed="2">
  <reporter-output>
  </reporter-output>
  <suite name="Surefire suite" duration-ms="28394" started-at="2022-09-19T17:14:54Z" finished-at="2022-09-19T17:15:23Z">
    <groups>
      <group name="cucumber">
        <method signature="AbstractTestNGCucumberTests.runScenario(io.cucumber.testng.PickleWrapper, io.cucumber.testng.FeatureWrapper)[pri:0, instance:runner.TestRunner@72d818d1]" name="runScenario" class="io.cucumber.testng.AbstractTestNGCucumberTests"/>
      </group> <!-- cucumber -->
    </groups>
    <test name="Surefire test" duration-ms="28394" started-at="2022-09-19T17:14:54Z" finished-at="2022-09-19T17:15:23Z">
      <class name="runner.TestRunner">
        <test-method status="PASS" signature="setUpClass(org.testng.ITestContext)[pri:0, instance:runner.TestRunner@72d818d1]" name="setUpClass" is-config="true" duration-ms="1492" started-at="2022-09-19T21:14:54Z" finished-at="2022-09-19T21:14:56Z">
          <params>
            <param index="0">
              <value>
                <![CDATA[org.testng.TestRunner@57b75756]]>
              </value>
            </param>
          </params>
          <reporter-output>
          </reporter-output>
        </test-method> <!-- setUpClass -->
        <test-method status="PASS" signature="runScenario(io.cucumber.testng.PickleWrapper, io.cucumber.testng.FeatureWrapper)[pri:0, instance:runner.TestRunner@72d818d1]" name="runScenario" duration-ms="14343" started-at="2022-09-19T21:14:56Z" description="Runs Cucumber Scenarios" data-provider="scenarios" finished-at="2022-09-19T21:15:10Z">
          <params>
            <param index="0">
              <value>
                <![CDATA["Verify user landed on Sctv page"]]>
              </value>
            </param>
            <param index="1">
              <value>
                <![CDATA["Optional[Verify STCTV Subscription functionality]"]]>
              </value>
            </param>
          </params>
          <reporter-output>
          </reporter-output>
        </test-method> <!-- runScenario -->
        <test-method status="PASS" signature="runScenario(io.cucumber.testng.PickleWrapper, io.cucumber.testng.FeatureWrapper)[pri:0, instance:runner.TestRunner@72d818d1]" name="runScenario" duration-ms="11282" started-at="2022-09-19T21:15:10Z" description="Runs Cucumber Scenarios" data-provider="scenarios" finished-at="2022-09-19T21:15:21Z">
          <params>
            <param index="0">
              <value>
                <![CDATA["Validate the subscription packages for stctv"]]>
              </value>
            </param>
            <param index="1">
              <value>
                <![CDATA["Optional[Verify STCTV Subscription functionality]"]]>
              </value>
            </param>
          </params>
          <reporter-output>
          </reporter-output>
        </test-method> <!-- runScenario -->
        <test-method status="PASS" signature="tearDownClass()[pri:0, instance:runner.TestRunner@72d818d1]" name="tearDownClass" is-config="true" duration-ms="1208" started-at="2022-09-19T21:15:21Z" finished-at="2022-09-19T21:15:23Z">
          <reporter-output>
          </reporter-output>
        </test-method> <!-- tearDownClass -->
      </class> <!-- runner.TestRunner -->
    </test> <!-- Surefire test -->
  </suite> <!-- Surefire suite -->
</testng-results>
