<?xml version="1.0" encoding="UTF-8"?>
<!-- Generated by org.testng.reporters.JUnitReportReporter -->
<testsuite skipped="0" hostname="DESKTOP-BN396F1" name="runner.TestRunner" tests="2" failures="1" timestamp="15 Nov 2022 10:11:42 GMT" time="74.982" errors="0">
  <testcase name="runScenario" time="39.533" classname="runner.TestRunner"/>
  <testcase name="runScenario" time="35.449" classname="runner.TestRunner">
    <failure type="java.lang.AssertionError" message="Choose Your Plan Heading is not present expected [true] but found [false]">
      <![CDATA[java.lang.AssertionError: Choose Your Plan Heading is not present expected [true] but found [false]
	at org.testng.Assert.fail(Assert.java:93)
	at org.testng.Assert.failNotEquals(Assert.java:512)
	at org.testng.Assert.assertTrue(Assert.java:41)
	at pages.HomePage.verifyPlanHeading(HomePage.java:71)
	at stepDefinitions.HomepageSteps.user_verify_the_plan_heading_on_the_page(HomepageSteps.java:36)
	at ✽.User verify the plan heading on the page(file:///C:/Users/HP/Documents/GitHub/SctvSubscriptions/src/test/java/features/Homepage.feature:15)
]]>
    </failure>
  </testcase> <!-- runScenario -->
</testsuite> <!-- runner.TestRunner -->
